#
# There is insufficient memory for the Java Runtime Environment to continue.
# Native memory allocation (mmap) failed to map 191889408 bytes for G1 virtual space
# Possible reasons:
#   The system is out of physical RAM or swap space
#   The process is running with CompressedOops enabled, and the Java Heap may be blocking the growth of the native heap
# Possible solutions:
#   Reduce memory load on the system
#   Increase physical memory or swap space
#   Check if swap backing store is full
#   Decrease Java heap size (-Xmx/-Xms)
#   Decrease number of Java threads
#   Decrease Java thread stack sizes (-Xss)
#   Set larger code cache with -XX:ReservedCodeCacheSize=
#   JVM is running with Unscaled Compressed Oops mode in which the Java heap is
#     placed in the first 4GB address space. The Java Heap base address is the
#     maximum limit for the native heap growth. Please use -XX:HeapBaseMinAddress
#     to set the Java Heap base and to place the Java Heap above 4GB virtual address.
# This output file may be truncated or incomplete.
#
#  Out of Memory Error (os_windows.cpp:3536), pid=9748, tid=22776
#
# JRE version: OpenJDK Runtime Environment (19.0.2+7) (build 19.0.2+7-44)
# Java VM: OpenJDK 64-Bit Server VM (19.0.2+7-44, mixed mode, emulated-client, sharing, tiered, compressed oops, compressed class ptrs, g1 gc, windows-amd64)
# No core dump will be written. Minidumps are not enabled by default on client versions of Windows
#

---------------  S U M M A R Y ------------

Command Line: -XX:TieredStopAtLevel=1 -Dspring.output.ansi.enabled=always -Dcom.sun.management.jmxremote -Dspring.jmx.enabled=true -Dspring.liveBeansView.mbeanDomain -Dspring.application.admin.enabled=true -Dmanagement.endpoints.jmx.exposure.include=* -javaagent:C:\Program Files\JetBrains\IntelliJ IDEA 2023.2.4\lib\idea_rt.jar=53377:C:\Program Files\JetBrains\IntelliJ IDEA 2023.2.4\bin -Dfile.encoding=UTF-8 -Dsun.stdout.encoding=UTF-8 -Dsun.stderr.encoding=UTF-8 com.hlteam.naturezen.NatureZenApplication

Host: AMD Ryzen 5 4600H with Radeon Graphics         , 12 cores, 7G,  Windows 11 , 64 bit Build 22621 (10.0.22621.2506)
Time: Tue Dec 19 23:08:39 2023 SE Asia Standard Time elapsed time: 57.108364 seconds (0d 0h 0m 57s)

---------------  T H R E A D  ---------------

Current thread (0x0000012bc51b31a0):  VMThread "VM Thread" [stack: 0x0000000e6ed00000,0x0000000e6ee00000] [id=22776]

Stack: [0x0000000e6ed00000,0x0000000e6ee00000]
Native frames: (J=compiled Java code, j=interpreted, Vv=VM code, C=native code)
V  [jvm.dll+0x6ee21a]
V  [jvm.dll+0x85765e]
V  [jvm.dll+0x85904e]
V  [jvm.dll+0x859703]
V  [jvm.dll+0x28298f]
V  [jvm.dll+0x6eb009]
V  [jvm.dll+0x6dfbaa]
V  [jvm.dll+0x3573f6]
V  [jvm.dll+0x35ee56]
V  [jvm.dll+0x3b541e]
V  [jvm.dll+0x3b564f]
V  [jvm.dll+0x32c9ea]
V  [jvm.dll+0x32ca97]
V  [jvm.dll+0x374cd2]
V  [jvm.dll+0x37340f]
V  [jvm.dll+0x32c210]
V  [jvm.dll+0x372ccd]
V  [jvm.dll+0x85ebc3]
V  [jvm.dll+0x85f989]
V  [jvm.dll+0x85febd]
V  [jvm.dll+0x86034b]
V  [jvm.dll+0x860407]
V  [jvm.dll+0x80125a]
V  [jvm.dll+0x6ecf0b]
C  [ucrtbase.dll+0x29363]
C  [KERNEL32.DLL+0x1257d]
C  [ntdll.dll+0x5aa58]

VM_Operation (0x0000000e715f7ff8): G1TryInitiateConcMark, mode: safepoint, requested by thread 0x0000012bcc6b5b10


---------------  P R O C E S S  ---------------

Threads class SMR info:
_java_thread_list=0x0000012bcc9c3290, length=36, elements={
0x0000012bc51cc510, 0x0000012bc51cd100, 0x0000012bc51d02c0, 0x0000012bc51d0eb0,
0x0000012bc51d2af0, 0x0000012bc51d35c0, 0x0000012bc51d54a0, 0x0000012bc51e6b70,
0x0000012bc94b4590, 0x0000012bc97fe8a0, 0x0000012bc99b62b0, 0x0000012bc9bded80,
0x0000012bc9bde830, 0x0000012bc9bdf2d0, 0x0000012bc9bdf820, 0x0000012bc9bdd2f0,
0x0000012bc9bddd90, 0x0000012bc9bdfd70, 0x0000012bc9bdc850, 0x0000012bcc6b55c0,
0x0000012bcc6b4b20, 0x0000012bcc6b5b10, 0x0000012bcc6b6060, 0x0000012bcc6b65b0,
0x0000012bcc6b5070, 0x0000012bcc6b6b00, 0x0000012bcc6b75a0, 0x0000012bcc6b4080,
0x0000012bcc6b45d0, 0x0000012bcc6b7050, 0x0000012bcc77f020, 0x0000012bcc77ab10,
0x0000012bcc781aa0, 0x0000012bcc77e580, 0x0000012bcc77e030, 0x0000012bcb05d040
}

Java Threads: ( => current thread )
  0x0000012bc51cc510 JavaThread "Reference Handler" daemon [_thread_blocked, id=15652, stack(0x0000000e6ee00000,0x0000000e6ef00000)]
  0x0000012bc51cd100 JavaThread "Finalizer" daemon [_thread_blocked, id=2316, stack(0x0000000e6ef00000,0x0000000e6f000000)]
  0x0000012bc51d02c0 JavaThread "Signal Dispatcher" daemon [_thread_blocked, id=21636, stack(0x0000000e6f000000,0x0000000e6f100000)]
  0x0000012bc51d0eb0 JavaThread "Attach Listener" daemon [_thread_blocked, id=20308, stack(0x0000000e6f100000,0x0000000e6f200000)]
  0x0000012bc51d2af0 JavaThread "Service Thread" daemon [_thread_blocked, id=17560, stack(0x0000000e6f200000,0x0000000e6f300000)]
  0x0000012bc51d35c0 JavaThread "Monitor Deflation Thread" daemon [_thread_blocked, id=15324, stack(0x0000000e6f300000,0x0000000e6f400000)]
  0x0000012bc51d54a0 JavaThread "C1 CompilerThread0" daemon [_thread_blocked, id=4720, stack(0x0000000e6f400000,0x0000000e6f500000)]
  0x0000012bc51e6b70 JavaThread "Sweeper thread" daemon [_thread_blocked, id=8972, stack(0x0000000e6f500000,0x0000000e6f600000)]
  0x0000012bc94b4590 JavaThread "Common-Cleaner" daemon [_thread_blocked, id=4824, stack(0x0000000e6f600000,0x0000000e6f700000)]
  0x0000012bc97fe8a0 JavaThread "Monitor Ctrl-Break" daemon [_thread_in_native, id=19612, stack(0x0000000e6fa00000,0x0000000e6fb00000)]
  0x0000012bc99b62b0 JavaThread "Notification Thread" daemon [_thread_blocked, id=19164, stack(0x0000000e6fb00000,0x0000000e6fc00000)]
  0x0000012bc9bded80 JavaThread "RMI TCP Accept-0" daemon [_thread_in_native, id=15048, stack(0x0000000e6fc00000,0x0000000e6fd00000)]
  0x0000012bc9bde830 JavaThread "RMI TCP Connection(idle)" daemon [_thread_blocked, id=23244, stack(0x0000000e70400000,0x0000000e70500000)]
  0x0000012bc9bdf2d0 JavaThread "RMI Scheduler(0)" daemon [_thread_blocked, id=10224, stack(0x0000000e70700000,0x0000000e70800000)]
  0x0000012bc9bdf820 JavaThread "mysql-cj-abandoned-connection-cleanup" daemon [_thread_blocked, id=15296, stack(0x0000000e70800000,0x0000000e70900000)]
  0x0000012bc9bdd2f0 JavaThread "HikariPool-1 housekeeper" daemon [_thread_blocked, id=8744, stack(0x0000000e70f00000,0x0000000e71000000)]
  0x0000012bc9bddd90 JavaThread "Catalina-utility-1" [_thread_blocked, id=19060, stack(0x0000000e71100000,0x0000000e71200000)]
  0x0000012bc9bdfd70 JavaThread "Catalina-utility-2" [_thread_blocked, id=15072, stack(0x0000000e71200000,0x0000000e71300000)]
  0x0000012bc9bdc850 JavaThread "container-0" [_thread_blocked, id=6548, stack(0x0000000e71300000,0x0000000e71400000)]
  0x0000012bcc6b55c0 JavaThread "File Watcher" daemon [_thread_blocked, id=5424, stack(0x0000000e71400000,0x0000000e71500000)]
  0x0000012bcc6b4b20 JavaThread "Live Reload Server" daemon [_thread_in_native, id=6592, stack(0x0000000e71600000,0x0000000e71700000)]
  0x0000012bcc6b5b10 JavaThread "http-nio-8080-exec-1" daemon [_thread_blocked, id=11808, stack(0x0000000e71500000,0x0000000e71600000)]
  0x0000012bcc6b6060 JavaThread "http-nio-8080-exec-2" daemon [_thread_blocked, id=15320, stack(0x0000000e71700000,0x0000000e71800000)]
  0x0000012bcc6b65b0 JavaThread "http-nio-8080-exec-3" daemon [_thread_blocked, id=24032, stack(0x0000000e71800000,0x0000000e71900000)]
  0x0000012bcc6b5070 JavaThread "http-nio-8080-exec-4" daemon [_thread_blocked, id=12664, stack(0x0000000e71900000,0x0000000e71a00000)]
  0x0000012bcc6b6b00 JavaThread "http-nio-8080-exec-5" daemon [_thread_blocked, id=1824, stack(0x0000000e71a00000,0x0000000e71b00000)]
  0x0000012bcc6b75a0 JavaThread "http-nio-8080-exec-6" daemon [_thread_blocked, id=13556, stack(0x0000000e71b00000,0x0000000e71c00000)]
  0x0000012bcc6b4080 JavaThread "http-nio-8080-exec-7" daemon [_thread_blocked, id=12580, stack(0x0000000e71c00000,0x0000000e71d00000)]
  0x0000012bcc6b45d0 JavaThread "http-nio-8080-exec-8" daemon [_thread_blocked, id=20772, stack(0x0000000e71d00000,0x0000000e71e00000)]
  0x0000012bcc6b7050 JavaThread "http-nio-8080-exec-9" daemon [_thread_blocked, id=20880, stack(0x0000000e71e00000,0x0000000e71f00000)]
  0x0000012bcc77f020 JavaThread "http-nio-8080-exec-10" daemon [_thread_blocked, id=17272, stack(0x0000000e71f00000,0x0000000e72000000)]
  0x0000012bcc77ab10 JavaThread "http-nio-8080-Poller" daemon [_thread_in_native, id=14896, stack(0x0000000e72000000,0x0000000e72100000)]
  0x0000012bcc781aa0 JavaThread "http-nio-8080-Acceptor" daemon [_thread_in_native, id=11968, stack(0x0000000e72100000,0x0000000e72200000)]
  0x0000012bcc77e580 JavaThread "DestroyJavaVM" [_thread_blocked, id=9084, stack(0x0000000e6e700000,0x0000000e6e800000)]
  0x0000012bcc77e030 JavaThread "RMI TCP Connection(idle)" daemon [_thread_blocked, id=10896, stack(0x0000000e70600000,0x0000000e70700000)]
  0x0000012bcb05d040 JavaThread "C1 CompilerThread1" daemon [_thread_blocked, id=8328, stack(0x0000000e6f900000,0x0000000e6fa00000)]

Other Threads:
=>0x0000012bc51b31a0 VMThread "VM Thread" [stack: 0x0000000e6ed00000,0x0000000e6ee00000] [id=22776]
  0x0000012bb2bd31f0 WatcherThread "VM Periodic Task Thread" [stack: 0x0000000e6fd00000,0x0000000e6fe00000] [id=20296]
  0x0000012bb09cc530 WorkerThread "GC Thread#0" [stack: 0x0000000e6e800000,0x0000000e6e900000] [id=9404]
  0x0000012bc9c9e110 WorkerThread "GC Thread#1" [stack: 0x0000000e6fe00000,0x0000000e6ff00000] [id=10792]
  0x0000012bc9ed2170 WorkerThread "GC Thread#2" [stack: 0x0000000e6ff00000,0x0000000e70000000] [id=15204]
  0x0000012bc9ed3de0 WorkerThread "GC Thread#3" [stack: 0x0000000e70000000,0x0000000e70100000] [id=7068]
  0x0000012bc9ed3840 WorkerThread "GC Thread#4" [stack: 0x0000000e70100000,0x0000000e70200000] [id=11172]
  0x0000012bc9ed2760 WorkerThread "GC Thread#5" [stack: 0x0000000e70200000,0x0000000e70300000] [id=9068]
  0x0000012bc9ed2fd0 WorkerThread "GC Thread#6" [stack: 0x0000000e70300000,0x0000000e70400000] [id=23300]
  0x0000012bc9ed2d00 WorkerThread "GC Thread#7" [stack: 0x0000000e70900000,0x0000000e70a00000] [id=15580]
  0x0000012bc9ed3b10 WorkerThread "GC Thread#8" [stack: 0x0000000e70a00000,0x0000000e70b00000] [id=14936]
  0x0000012bc9ed32a0 WorkerThread "GC Thread#9" [stack: 0x0000000e70b00000,0x0000000e70c00000] [id=22360]
  0x0000012bb2c3c100 ConcurrentGCThread "G1 Main Marker" [stack: 0x0000000e6e900000,0x0000000e6ea00000] [id=23524]
  0x0000012bb2c3cb30 WorkerThread "G1 Conc#0" [stack: 0x0000000e6ea00000,0x0000000e6eb00000] [id=8684]
  0x0000012bc9ed40b0 WorkerThread "G1 Conc#1" [stack: 0x0000000e70d00000,0x0000000e70e00000] [id=22720]
  0x0000012bc9ed2490 WorkerThread "G1 Conc#2" [stack: 0x0000000e70e00000,0x0000000e70f00000] [id=14688]
  0x0000012bc506a9e0 ConcurrentGCThread "G1 Refine#0" [stack: 0x0000000e6eb00000,0x0000000e6ec00000] [id=1400]
  0x0000012bc506d040 ConcurrentGCThread "G1 Service" [stack: 0x0000000e6ec00000,0x0000000e6ed00000] [id=11752]

Threads with active compile tasks:

VM state: at safepoint (normal execution)

VM Mutex/Monitor currently owned by a thread:  ([mutex/lock_event])
[0x0000012bb2bcdc00] Threads_lock - owner thread: 0x0000012bc51b31a0
[0x0000012bb2bce1a0] Heap_lock - owner thread: 0x0000012bcc6b5b10

Heap address: 0x0000000089400000, size: 1900 MB, Compressed Oops mode: 32-bit

CDS archive(s) mapped at: [0x0000000800000000-0x0000000800c40000-0x0000000800c40000), size 12845056, SharedBaseAddress: 0x0000000800000000, ArchiveRelocationMode: 0.
Compressed class space mapped at: 0x0000000801000000-0x0000000841000000, reserved size: 1073741824
Narrow klass base: 0x0000000800000000, Narrow klass shift: 0, Narrow klass range: 0x100000000

GC Precious Log:
 CardTable entry size: 512
 Card Set container configuration: InlinePtr #cards 5 size 8 Array Of Cards #cards 12 size 40 Howl #buckets 4 coarsen threshold 1843 Howl Bitmap #cards 512 size 80 coarsen threshold 460 Card regions per heap region 1 cards per card region 2048
 CPUs: 12 total, 12 available
 Memory: 7599M
 Large Page Support: Disabled
 NUMA Support: Disabled
 Compressed Oops: Enabled (32-bit)
 Heap Region Size: 1M
 Heap Min Capacity: 8M
 Heap Initial Capacity: 120M
 Heap Max Capacity: 1900M
 Pre-touch: Disabled
 Parallel Workers: 10
 Concurrent Workers: 3
 Concurrent Refinement Workers: 10
 Periodic GC: Disabled

Heap:
 garbage-first heap   total 133120K, used 63114K [0x0000000089400000, 0x0000000100000000)
  region size 1024K, 4 young (4096K), 4 survivors (4096K)
 Metaspace       used 85345K, committed 86336K, reserved 1179648K
  class space    used 12126K, committed 12608K, reserved 1048576K

Heap Regions: E=young(eden), S=young(survivor), O=old, HS=humongous(starts), HC=humongous(continues), CS=collection set, F=free, OA=open archive, CA=closed archive, TAMS=top-at-mark-start (previous, next)
|   0|0x0000000089400000, 0x0000000089500000, 0x0000000089500000|100%|HS|  |TAMS 0x0000000089500000, 0x0000000089500000| Complete 
|   1|0x0000000089500000, 0x0000000089600000, 0x0000000089600000|100%| O|  |TAMS 0x0000000089600000, 0x0000000089600000| Untracked 
|   2|0x0000000089600000, 0x0000000089700000, 0x0000000089700000|100%| O|  |TAMS 0x0000000089700000, 0x0000000089700000| Untracked 
|   3|0x0000000089700000, 0x0000000089800000, 0x0000000089800000|100%| O|  |TAMS 0x0000000089800000, 0x0000000089800000| Untracked 
|   4|0x0000000089800000, 0x0000000089900000, 0x0000000089900000|100%| O|  |TAMS 0x0000000089900000, 0x0000000089900000| Untracked 
|   5|0x0000000089900000, 0x0000000089a00000, 0x0000000089a00000|100%| O|  |TAMS 0x0000000089a00000, 0x0000000089a00000| Untracked 
|   6|0x0000000089a00000, 0x0000000089b00000, 0x0000000089b00000|100%| O|  |TAMS 0x0000000089b00000, 0x0000000089b00000| Untracked 
|   7|0x0000000089b00000, 0x0000000089c00000, 0x0000000089c00000|100%| O|  |TAMS 0x0000000089c00000, 0x0000000089c00000| Untracked 
|   8|0x0000000089c00000, 0x0000000089d00000, 0x0000000089d00000|100%| O|  |TAMS 0x0000000089d00000, 0x0000000089d00000| Untracked 
|   9|0x0000000089d00000, 0x0000000089e00000, 0x0000000089e00000|100%| O|  |TAMS 0x0000000089e00000, 0x0000000089e00000| Untracked 
|  10|0x0000000089e00000, 0x0000000089f00000, 0x0000000089f00000|100%| O|  |TAMS 0x0000000089f00000, 0x0000000089f00000| Untracked 
|  11|0x0000000089f00000, 0x000000008a000000, 0x000000008a000000|100%| O|  |TAMS 0x000000008a000000, 0x000000008a000000| Untracked 
|  12|0x000000008a000000, 0x000000008a100000, 0x000000008a100000|100%| O|  |TAMS 0x000000008a100000, 0x000000008a100000| Untracked 
|  13|0x000000008a100000, 0x000000008a200000, 0x000000008a200000|100%| O|  |TAMS 0x000000008a200000, 0x000000008a200000| Untracked 
|  14|0x000000008a200000, 0x000000008a300000, 0x000000008a300000|100%| O|  |TAMS 0x000000008a200000, 0x000000008a300000| Untracked 
|  15|0x000000008a300000, 0x000000008a400000, 0x000000008a400000|100%| O|  |TAMS 0x000000008a400000, 0x000000008a400000| Untracked 
|  16|0x000000008a400000, 0x000000008a400000, 0x000000008a500000|  0%| F|  |TAMS 0x000000008a400000, 0x000000008a400000| Untracked 
|  17|0x000000008a500000, 0x000000008a600000, 0x000000008a600000|100%| O|  |TAMS 0x000000008a600000, 0x000000008a600000| Untracked 
|  18|0x000000008a600000, 0x000000008a700000, 0x000000008a700000|100%| O|  |TAMS 0x000000008a700000, 0x000000008a700000| Untracked 
|  19|0x000000008a700000, 0x000000008a800000, 0x000000008a800000|100%| O|  |TAMS 0x000000008a800000, 0x000000008a800000| Untracked 
|  20|0x000000008a800000, 0x000000008a800000, 0x000000008a900000|  0%| F|  |TAMS 0x000000008a800000, 0x000000008a800000| Untracked 
|  21|0x000000008a900000, 0x000000008aa00000, 0x000000008aa00000|100%| O|  |TAMS 0x000000008aa00000, 0x000000008aa00000| Untracked 
|  22|0x000000008aa00000, 0x000000008ab00000, 0x000000008ab00000|100%| O|  |TAMS 0x000000008ab00000, 0x000000008ab00000| Untracked 
|  23|0x000000008ab00000, 0x000000008ac00000, 0x000000008ac00000|100%| O|  |TAMS 0x000000008ac00000, 0x000000008ac00000| Untracked 
|  24|0x000000008ac00000, 0x000000008ad00000, 0x000000008ad00000|100%| O|  |TAMS 0x000000008ad00000, 0x000000008ad00000| Untracked 
|  25|0x000000008ad00000, 0x000000008ae00000, 0x000000008ae00000|100%| O|  |TAMS 0x000000008ae00000, 0x000000008ae00000| Untracked 
|  26|0x000000008ae00000, 0x000000008af00000, 0x000000008af00000|100%| O|  |TAMS 0x000000008af00000, 0x000000008af00000| Untracked 
|  27|0x000000008af00000, 0x000000008afd5000, 0x000000008b000000| 83%| O|  |TAMS 0x000000008afd5000, 0x000000008afd5000| Untracked 
|  28|0x000000008b000000, 0x000000008b100000, 0x000000008b100000|100%| O|  |TAMS 0x000000008b100000, 0x000000008b100000| Untracked 
|  29|0x000000008b100000, 0x000000008b200000, 0x000000008b200000|100%| O|  |TAMS 0x000000008b200000, 0x000000008b200000| Untracked 
|  30|0x000000008b200000, 0x000000008b300000, 0x000000008b300000|100%| O|  |TAMS 0x000000008b300000, 0x000000008b300000| Untracked 
|  31|0x000000008b300000, 0x000000008b400000, 0x000000008b400000|100%| O|  |TAMS 0x000000008b400000, 0x000000008b400000| Untracked 
|  32|0x000000008b400000, 0x000000008b500000, 0x000000008b500000|100%| O|  |TAMS 0x000000008b500000, 0x000000008b500000| Untracked 
|  33|0x000000008b500000, 0x000000008b600000, 0x000000008b600000|100%| O|  |TAMS 0x000000008b5bdc00, 0x000000008b600000| Untracked 
|  34|0x000000008b600000, 0x000000008b700000, 0x000000008b700000|100%| O|  |TAMS 0x000000008b600000, 0x000000008b700000| Untracked 
|  35|0x000000008b700000, 0x000000008b800000, 0x000000008b800000|100%| O|  |TAMS 0x000000008b700000, 0x000000008b800000| Untracked 
|  36|0x000000008b800000, 0x000000008b800000, 0x000000008b900000|  0%| F|  |TAMS 0x000000008b800000, 0x000000008b800000| Untracked 
|  37|0x000000008b900000, 0x000000008b900000, 0x000000008ba00000|  0%| F|  |TAMS 0x000000008b900000, 0x000000008b900000| Untracked 
|  38|0x000000008ba00000, 0x000000008ba00000, 0x000000008bb00000|  0%| F|  |TAMS 0x000000008ba00000, 0x000000008ba00000| Untracked 
|  39|0x000000008bb00000, 0x000000008bb00000, 0x000000008bc00000|  0%| F|  |TAMS 0x000000008bb00000, 0x000000008bb00000| Untracked 
|  40|0x000000008bc00000, 0x000000008bc00000, 0x000000008bd00000|  0%| F|  |TAMS 0x000000008bc00000, 0x000000008bc00000| Untracked 
|  41|0x000000008bd00000, 0x000000008bd00000, 0x000000008be00000|  0%| F|  |TAMS 0x000000008bd00000, 0x000000008bd00000| Untracked 
|  42|0x000000008be00000, 0x000000008be00000, 0x000000008bf00000|  0%| F|  |TAMS 0x000000008be00000, 0x000000008be00000| Untracked 
|  43|0x000000008bf00000, 0x000000008bf00000, 0x000000008c000000|  0%| F|  |TAMS 0x000000008bf00000, 0x000000008bf00000| Untracked 
|  44|0x000000008c000000, 0x000000008c000000, 0x000000008c100000|  0%| F|  |TAMS 0x000000008c000000, 0x000000008c000000| Untracked 
|  45|0x000000008c100000, 0x000000008c100000, 0x000000008c200000|  0%| F|  |TAMS 0x000000008c100000, 0x000000008c100000| Untracked 
|  46|0x000000008c200000, 0x000000008c200000, 0x000000008c300000|  0%| F|  |TAMS 0x000000008c200000, 0x000000008c200000| Untracked 
|  47|0x000000008c300000, 0x000000008c400000, 0x000000008c400000|100%|HS|  |TAMS 0x000000008c300000, 0x000000008c400000| Complete 
|  48|0x000000008c400000, 0x000000008c500000, 0x000000008c500000|100%|HC|  |TAMS 0x000000008c400000, 0x000000008c500000| Complete 
|  49|0x000000008c500000, 0x000000008c500000, 0x000000008c600000|  0%| F|  |TAMS 0x000000008c500000, 0x000000008c500000| Untracked 
|  50|0x000000008c600000, 0x000000008c600000, 0x000000008c700000|  0%| F|  |TAMS 0x000000008c600000, 0x000000008c600000| Untracked 
|  51|0x000000008c700000, 0x000000008c700000, 0x000000008c800000|  0%| F|  |TAMS 0x000000008c700000, 0x000000008c700000| Untracked 
|  52|0x000000008c800000, 0x000000008c800000, 0x000000008c900000|  0%| F|  |TAMS 0x000000008c800000, 0x000000008c800000| Untracked 
|  53|0x000000008c900000, 0x000000008c900000, 0x000000008ca00000|  0%| F|  |TAMS 0x000000008c900000, 0x000000008c900000| Untracked 
|  54|0x000000008ca00000, 0x000000008cb00000, 0x000000008cb00000|100%| O|  |TAMS 0x000000008ca00000, 0x000000008cb00000| Untracked 
|  55|0x000000008cb00000, 0x000000008cc00000, 0x000000008cc00000|100%|HS|  |TAMS 0x000000008cb00000, 0x000000008cc00000| Complete 
|  56|0x000000008cc00000, 0x000000008cd00000, 0x000000008cd00000|100%|HC|  |TAMS 0x000000008cc00000, 0x000000008cd00000| Complete 
|  57|0x000000008cd00000, 0x000000008ce00000, 0x000000008ce00000|100%|HS|  |TAMS 0x000000008cd00000, 0x000000008ce00000| Complete 
|  58|0x000000008ce00000, 0x000000008cf00000, 0x000000008cf00000|100%|HC|  |TAMS 0x000000008ce00000, 0x000000008cf00000| Complete 
|  59|0x000000008cf00000, 0x000000008d000000, 0x000000008d000000|100%| O|  |TAMS 0x000000008cf00000, 0x000000008d000000| Untracked 
|  60|0x000000008d000000, 0x000000008d100000, 0x000000008d100000|100%|HS|  |TAMS 0x000000008d000000, 0x000000008d100000| Complete 
|  61|0x000000008d100000, 0x000000008d200000, 0x000000008d200000|100%|HC|  |TAMS 0x000000008d100000, 0x000000008d200000| Complete 
|  62|0x000000008d200000, 0x000000008d200000, 0x000000008d300000|  0%| F|  |TAMS 0x000000008d200000, 0x000000008d200000| Untracked 
|  63|0x000000008d300000, 0x000000008d300000, 0x000000008d400000|  0%| F|  |TAMS 0x000000008d300000, 0x000000008d300000| Untracked 
|  64|0x000000008d400000, 0x000000008d500000, 0x000000008d500000|100%| O|  |TAMS 0x000000008d400000, 0x000000008d500000| Untracked 
|  65|0x000000008d500000, 0x000000008d600000, 0x000000008d600000|100%| O|  |TAMS 0x000000008d500000, 0x000000008d600000| Untracked 
|  66|0x000000008d600000, 0x000000008d675e00, 0x000000008d700000| 46%| O|  |TAMS 0x000000008d600000, 0x000000008d675e00| Untracked 
|  67|0x000000008d700000, 0x000000008d800000, 0x000000008d800000|100%|HS|  |TAMS 0x000000008d700000, 0x000000008d800000| Complete 
|  68|0x000000008d800000, 0x000000008d900000, 0x000000008d900000|100%|HC|  |TAMS 0x000000008d800000, 0x000000008d900000| Complete 
|  69|0x000000008d900000, 0x000000008da00000, 0x000000008da00000|100%|HS|  |TAMS 0x000000008d900000, 0x000000008da00000| Complete 
|  70|0x000000008da00000, 0x000000008db00000, 0x000000008db00000|100%|HC|  |TAMS 0x000000008da00000, 0x000000008db00000| Complete 
|  71|0x000000008db00000, 0x000000008dc00000, 0x000000008dc00000|100%|HS|  |TAMS 0x000000008db00000, 0x000000008dc00000| Complete 
|  72|0x000000008dc00000, 0x000000008dd00000, 0x000000008dd00000|100%|HC|  |TAMS 0x000000008dc00000, 0x000000008dd00000| Complete 
|  73|0x000000008dd00000, 0x000000008dd00000, 0x000000008de00000|  0%| F|  |TAMS 0x000000008dd00000, 0x000000008dd00000| Untracked 
|  74|0x000000008de00000, 0x000000008de00000, 0x000000008df00000|  0%| F|  |TAMS 0x000000008de00000, 0x000000008de00000| Untracked 
|  75|0x000000008df00000, 0x000000008df00000, 0x000000008e000000|  0%| F|  |TAMS 0x000000008df00000, 0x000000008df00000| Untracked 
|  76|0x000000008e000000, 0x000000008e000000, 0x000000008e100000|  0%| F|  |TAMS 0x000000008e000000, 0x000000008e000000| Untracked 
|  77|0x000000008e100000, 0x000000008e100000, 0x000000008e200000|  0%| F|  |TAMS 0x000000008e100000, 0x000000008e100000| Untracked 
|  78|0x000000008e200000, 0x000000008e200000, 0x000000008e300000|  0%| F|  |TAMS 0x000000008e200000, 0x000000008e200000| Untracked 
|  79|0x000000008e300000, 0x000000008e300000, 0x000000008e400000|  0%| F|  |TAMS 0x000000008e300000, 0x000000008e300000| Untracked 
|  80|0x000000008e400000, 0x000000008e400000, 0x000000008e500000|  0%| F|  |TAMS 0x000000008e400000, 0x000000008e400000| Untracked 
|  81|0x000000008e500000, 0x000000008e500000, 0x000000008e600000|  0%| F|  |TAMS 0x000000008e500000, 0x000000008e500000| Untracked 
|  82|0x000000008e600000, 0x000000008e600000, 0x000000008e700000|  0%| F|  |TAMS 0x000000008e600000, 0x000000008e600000| Untracked 
|  83|0x000000008e700000, 0x000000008e700000, 0x000000008e800000|  0%| F|  |TAMS 0x000000008e700000, 0x000000008e700000| Untracked 
|  84|0x000000008e800000, 0x000000008e800000, 0x000000008e900000|  0%| F|  |TAMS 0x000000008e800000, 0x000000008e800000| Untracked 
|  85|0x000000008e900000, 0x000000008e900000, 0x000000008ea00000|  0%| F|  |TAMS 0x000000008e900000, 0x000000008e900000| Untracked 
|  86|0x000000008ea00000, 0x000000008ea57d80, 0x000000008eb00000| 34%| S|CS|TAMS 0x000000008ea00000, 0x000000008ea00000| Complete 
|  87|0x000000008eb00000, 0x000000008ec00000, 0x000000008ec00000|100%| S|CS|TAMS 0x000000008eb00000, 0x000000008eb00000| Complete 
|  88|0x000000008ec00000, 0x000000008ed00000, 0x000000008ed00000|100%| S|CS|TAMS 0x000000008ec00000, 0x000000008ec00000| Complete 
|  89|0x000000008ed00000, 0x000000008ee00000, 0x000000008ee00000|100%| S|CS|TAMS 0x000000008ed00000, 0x000000008ed00000| Complete 
|  90|0x000000008ee00000, 0x000000008ee00000, 0x000000008ef00000|  0%| F|  |TAMS 0x000000008ee00000, 0x000000008ee00000| Untracked 
|  91|0x000000008ef00000, 0x000000008ef00000, 0x000000008f000000|  0%| F|  |TAMS 0x000000008ef00000, 0x000000008ef00000| Untracked 
|  92|0x000000008f000000, 0x000000008f000000, 0x000000008f100000|  0%| F|  |TAMS 0x000000008f000000, 0x000000008f000000| Untracked 
|  93|0x000000008f100000, 0x000000008f100000, 0x000000008f200000|  0%| F|  |TAMS 0x000000008f100000, 0x000000008f100000| Untracked 
|  94|0x000000008f200000, 0x000000008f200000, 0x000000008f300000|  0%| F|  |TAMS 0x000000008f200000, 0x000000008f200000| Untracked 
|  95|0x000000008f300000, 0x000000008f300000, 0x000000008f400000|  0%| F|  |TAMS 0x000000008f300000, 0x000000008f300000| Untracked 
|  96|0x000000008f400000, 0x000000008f400000, 0x000000008f500000|  0%| F|  |TAMS 0x000000008f400000, 0x000000008f400000| Untracked 
|  97|0x000000008f500000, 0x000000008f500000, 0x000000008f600000|  0%| F|  |TAMS 0x000000008f500000, 0x000000008f500000| Untracked 
|  98|0x000000008f600000, 0x000000008f600000, 0x000000008f700000|  0%| F|  |TAMS 0x000000008f600000, 0x000000008f600000| Untracked 
|  99|0x000000008f700000, 0x000000008f700000, 0x000000008f800000|  0%| F|  |TAMS 0x000000008f700000, 0x000000008f700000| Untracked 
| 100|0x000000008f800000, 0x000000008f800000, 0x000000008f900000|  0%| F|  |TAMS 0x000000008f800000, 0x000000008f800000| Untracked 
| 101|0x000000008f900000, 0x000000008f900000, 0x000000008fa00000|  0%| F|  |TAMS 0x000000008f900000, 0x000000008f900000| Untracked 
| 102|0x000000008fa00000, 0x000000008fa00000, 0x000000008fb00000|  0%| F|  |TAMS 0x000000008fa00000, 0x000000008fa00000| Untracked 
| 103|0x000000008fb00000, 0x000000008fb00000, 0x000000008fc00000|  0%| F|  |TAMS 0x000000008fb00000, 0x000000008fb00000| Untracked 
| 104|0x000000008fc00000, 0x000000008fc00000, 0x000000008fd00000|  0%| F|  |TAMS 0x000000008fc00000, 0x000000008fc00000| Untracked 
| 105|0x000000008fd00000, 0x000000008fd00000, 0x000000008fe00000|  0%| F|  |TAMS 0x000000008fd00000, 0x000000008fd00000| Untracked 
| 106|0x000000008fe00000, 0x000000008fe00000, 0x000000008ff00000|  0%| F|  |TAMS 0x000000008fe00000, 0x000000008fe00000| Untracked 
| 107|0x000000008ff00000, 0x000000008ff00000, 0x0000000090000000|  0%| F|  |TAMS 0x000000008ff00000, 0x000000008ff00000| Untracked 
| 108|0x0000000090000000, 0x0000000090000000, 0x0000000090100000|  0%| F|  |TAMS 0x0000000090000000, 0x0000000090000000| Untracked 
| 109|0x0000000090100000, 0x0000000090100000, 0x0000000090200000|  0%| F|  |TAMS 0x0000000090100000, 0x0000000090100000| Untracked 
| 110|0x0000000090200000, 0x0000000090200000, 0x0000000090300000|  0%| F|  |TAMS 0x0000000090200000, 0x0000000090200000| Untracked 
| 111|0x0000000090300000, 0x0000000090300000, 0x0000000090400000|  0%| F|  |TAMS 0x0000000090300000, 0x0000000090300000| Untracked 
| 112|0x0000000090400000, 0x0000000090400000, 0x0000000090500000|  0%| F|  |TAMS 0x0000000090400000, 0x0000000090400000| Untracked 
| 113|0x0000000090500000, 0x0000000090500000, 0x0000000090600000|  0%| F|  |TAMS 0x0000000090500000, 0x0000000090500000| Untracked 
| 114|0x0000000090600000, 0x0000000090600000, 0x0000000090700000|  0%| F|  |TAMS 0x0000000090600000, 0x0000000090600000| Untracked 
| 115|0x0000000090700000, 0x0000000090700000, 0x0000000090800000|  0%| F|  |TAMS 0x0000000090700000, 0x0000000090700000| Untracked 
| 116|0x0000000090800000, 0x0000000090800000, 0x0000000090900000|  0%| F|  |TAMS 0x0000000090800000, 0x0000000090800000| Untracked 
| 117|0x0000000090900000, 0x0000000090900000, 0x0000000090a00000|  0%| F|  |TAMS 0x0000000090900000, 0x0000000090900000| Untracked 
| 118|0x0000000090a00000, 0x0000000090a00000, 0x0000000090b00000|  0%| F|  |TAMS 0x0000000090a00000, 0x0000000090a00000| Untracked 
| 119|0x0000000090b00000, 0x0000000090b00000, 0x0000000090c00000|  0%| F|  |TAMS 0x0000000090b00000, 0x0000000090b00000| Untracked 
| 120|0x0000000090c00000, 0x0000000090c00000, 0x0000000090d00000|  0%| F|  |TAMS 0x0000000090c00000, 0x0000000090c00000| Untracked 
| 121|0x0000000090d00000, 0x0000000090d00000, 0x0000000090e00000|  0%| F|  |TAMS 0x0000000090d00000, 0x0000000090d00000| Untracked 
| 122|0x0000000090e00000, 0x0000000090e00000, 0x0000000090f00000|  0%| F|  |TAMS 0x0000000090e00000, 0x0000000090e00000| Untracked 
| 123|0x0000000090f00000, 0x0000000090f00000, 0x0000000091000000|  0%| F|  |TAMS 0x0000000090f00000, 0x0000000090f00000| Untracked 
|1894|0x00000000ffa00000, 0x00000000ffb00000, 0x00000000ffb00000|100%| O|  |TAMS 0x00000000ffa00000, 0x00000000ffb00000| Untracked 
|1895|0x00000000ffb00000, 0x00000000ffc00000, 0x00000000ffc00000|100%| O|  |TAMS 0x00000000ffb00000, 0x00000000ffc00000| Untracked 
|1896|0x00000000ffc00000, 0x00000000ffd00000, 0x00000000ffd00000|100%| O|  |TAMS 0x00000000ffc00000, 0x00000000ffd00000| Untracked 
|1897|0x00000000ffd00000, 0x00000000ffe00000, 0x00000000ffe00000|100%| O|  |TAMS 0x00000000ffd00000, 0x00000000ffe00000| Untracked 
|1898|0x00000000ffe00000, 0x00000000fff00000, 0x00000000fff00000|100%| O|  |TAMS 0x00000000ffe00000, 0x00000000fff00000| Untracked 
|1899|0x00000000fff00000, 0x0000000100000000, 0x0000000100000000|100%| O|  |TAMS 0x00000000fff00000, 0x0000000100000000| Untracked 

Card table byte_map: [0x0000012bbe200000,0x0000012bbe5c0000] _byte_map_base: 0x0000012bbddb6000

Marking Bits (Prev, Next): (CMBitMap*) 0x0000012bb09cc970, (CMBitMap*) 0x0000012bb09cc9b0
 Prev Bits: [0x0000012bbe980000, 0x0000012bc0730000)
 Next Bits: [0x0000012bc0730000, 0x0000012bc24e0000)

Polling page: 0x0000012bb2380000

Metaspace:

Usage:
  Non-class:     71.50 MB used.
      Class:     11.84 MB used.
       Both:     83.35 MB used.

Virtual space:
  Non-class space:      128.00 MB reserved,      72.00 MB ( 56%) committed,  2 nodes.
      Class space:        1.00 GB reserved,      12.31 MB (  1%) committed,  1 nodes.
             Both:        1.12 GB reserved,      84.31 MB (  7%) committed. 

Chunk freelists:
   Non-Class:  3.95 MB
       Class:  3.69 MB
        Both:  7.64 MB

MaxMetaspaceSize: unlimited
CompressedClassSpaceSize: 1.00 GB
Initial GC threshold: 21.00 MB
Current GC threshold: 129.81 MB
CDS: on
MetaspaceReclaimPolicy: balanced
 - commit_granule_bytes: 65536.
 - commit_granule_words: 8192.
 - virtual_space_node_default_size: 8388608.
 - enlarge_chunks_in_place: 1.
 - new_chunks_are_fully_committed: 0.
 - uncommit_free_chunks: 1.
 - use_allocation_guard: 0.


Internal statistics:

num_allocs_failed_limit: 11.
num_arena_births: 1494.
num_arena_deaths: 0.
num_vsnodes_births: 3.
num_vsnodes_deaths: 0.
num_space_committed: 1349.
num_space_uncommitted: 0.
num_chunks_returned_to_freelist: 11.
num_chunks_taken_from_freelist: 4406.
num_chunk_merges: 11.
num_chunk_splits: 3237.
num_chunks_enlarged: 2577.
num_inconsistent_stats: 0.

CodeCache: size=49152Kb used=16035Kb max_used=16414Kb free=33116Kb
 bounds [0x0000012bbab10000, 0x0000012bbbb70000, 0x0000012bbdb10000]
 total_blobs=9818 nmethods=9066 adapters=675
 compilation: enabled
              stopped_count=0, restarted_count=0
 full_count=0

Compilation events (20 events):
Event: 57.073 Thread 0x0000012bcb05d040 9141       1       java.lang.invoke.VarHandleGuards::guard_LII_Z (86 bytes)
Event: 57.075 Thread 0x0000012bcb05d040 nmethod 9141 0x0000012bbb20a290 code [0x0000012bbb20a520, 0x0000012bbb20ae98]
Event: 57.077 Thread 0x0000012bcb05d040 9143       1       org.hibernate.internal.SessionImpl::delayedAfterCompletion (25 bytes)
Event: 57.078 Thread 0x0000012bc51d54a0 9144       1       org.hibernate.event.spi.LoadEvent::getInstanceToLoad (5 bytes)
Event: 57.078 Thread 0x0000012bc51d54a0 nmethod 9144 0x0000012bbb209f90 code [0x0000012bbb20a120, 0x0000012bbb20a1d8]
Event: 57.078 Thread 0x0000012bcb05d040 nmethod 9143 0x0000012bbb209b90 code [0x0000012bbb209d40, 0x0000012bbb209ed8]
Event: 57.079 Thread 0x0000012bcb05d040 9145       1       com.mysql.cj.protocol.a.NativeServerSession::getCapabilities (5 bytes)
Event: 57.079 Thread 0x0000012bcb05d040 nmethod 9145 0x0000012bbb209890 code [0x0000012bbb209a20, 0x0000012bbb209ad8]
Event: 57.082 Thread 0x0000012bcb05d040 9146       1       org.hibernate.type.descriptor.java.ImmutableMutabilityPlan::deepCopy (2 bytes)
Event: 57.082 Thread 0x0000012bcb05d040 nmethod 9146 0x0000012bbb209590 code [0x0000012bbb209720, 0x0000012bbb2097d8]
Event: 57.082 Thread 0x0000012bc51d54a0 9147       1       org.hibernate.tuple.entity.EntityMetamodel::isPolymorphic (5 bytes)
Event: 57.082 Thread 0x0000012bc51d54a0 nmethod 9147 0x0000012bbb209290 code [0x0000012bbb209420, 0x0000012bbb2094f8]
Event: 57.084 Thread 0x0000012bc51d54a0 9148       1       jakarta.servlet.http.HttpServletResponseWrapper::getHeader (11 bytes)
Event: 57.084 Thread 0x0000012bc51d54a0 nmethod 9148 0x0000012bbb208e90 code [0x0000012bbb209040, 0x0000012bbb209188]
Event: 57.084 Thread 0x0000012bc51d54a0 9149       1       org.hibernate.internal.util.collections.StandardStack::push (45 bytes)
Event: 57.084 Thread 0x0000012bcb05d040 9150       1       org.hibernate.internal.util.collections.StandardStack::pop (44 bytes)
Event: 57.085 Thread 0x0000012bcb05d040 nmethod 9150 0x0000012bbb208a10 code [0x0000012bbb208bc0, 0x0000012bbb208da8]
Event: 57.085 Thread 0x0000012bc51d54a0 nmethod 9149 0x0000012bbb208390 code [0x0000012bbb208560, 0x0000012bbb208898]
Event: 57.085 Thread 0x0000012bc51d54a0 9151       1       com.mysql.cj.NativeQueryBindValue::getMysqlType (5 bytes)
Event: 57.085 Thread 0x0000012bc51d54a0 nmethod 9151 0x0000012bbb208090 code [0x0000012bbb208220, 0x0000012bbb2082d8]

GC Heap History (20 events):
Event: 4.971 GC heap after
{Heap after GC invocations=14 (full 0):
 garbage-first heap   total 70656K, used 28004K [0x0000000089400000, 0x0000000100000000)
  region size 1024K, 1 young (1024K), 1 survivors (1024K)
 Metaspace       used 47030K, committed 47616K, reserved 1114112K
  class space    used 6348K, committed 6592K, reserved 1048576K
}
Event: 5.392 GC heap before
{Heap before GC invocations=14 (full 0):
 garbage-first heap   total 70656K, used 53604K [0x0000000089400000, 0x0000000100000000)
  region size 1024K, 27 young (27648K), 1 survivors (1024K)
 Metaspace       used 52357K, committed 52992K, reserved 1114112K
  class space    used 7059K, committed 7360K, reserved 1048576K
}
Event: 5.394 GC heap after
{Heap after GC invocations=15 (full 0):
 garbage-first heap   total 126976K, used 29484K [0x0000000089400000, 0x0000000100000000)
  region size 1024K, 2 young (2048K), 2 survivors (2048K)
 Metaspace       used 52357K, committed 52992K, reserved 1114112K
  class space    used 7059K, committed 7360K, reserved 1048576K
}
Event: 5.942 GC heap before
{Heap before GC invocations=15 (full 0):
 garbage-first heap   total 126976K, used 64300K [0x0000000089400000, 0x0000000100000000)
  region size 1024K, 38 young (38912K), 2 survivors (2048K)
 Metaspace       used 59696K, committed 60416K, reserved 1114112K
  class space    used 8278K, committed 8640K, reserved 1048576K
}
Event: 5.947 GC heap after
{Heap after GC invocations=16 (full 0):
 garbage-first heap   total 126976K, used 30646K [0x0000000089400000, 0x0000000100000000)
  region size 1024K, 4 young (4096K), 4 survivors (4096K)
 Metaspace       used 59696K, committed 60416K, reserved 1114112K
  class space    used 8278K, committed 8640K, reserved 1048576K
}
Event: 6.987 GC heap before
{Heap before GC invocations=17 (full 0):
 garbage-first heap   total 109568K, used 92086K [0x0000000089400000, 0x0000000100000000)
  region size 1024K, 64 young (65536K), 4 survivors (4096K)
 Metaspace       used 66608K, committed 67328K, reserved 1114112K
  class space    used 9268K, committed 9600K, reserved 1048576K
}
Event: 6.993 GC heap after
{Heap after GC invocations=18 (full 0):
 garbage-first heap   total 109568K, used 33980K [0x0000000089400000, 0x0000000100000000)
  region size 1024K, 7 young (7168K), 7 survivors (7168K)
 Metaspace       used 66608K, committed 67328K, reserved 1114112K
  class space    used 9268K, committed 9600K, reserved 1048576K
}
Event: 6.996 GC heap before
{Heap before GC invocations=18 (full 0):
 garbage-first heap   total 109568K, used 35004K [0x0000000089400000, 0x0000000100000000)
  region size 1024K, 8 young (8192K), 7 survivors (7168K)
 Metaspace       used 66608K, committed 67328K, reserved 1114112K
  class space    used 9268K, committed 9600K, reserved 1048576K
}
Event: 7.002 GC heap after
{Heap after GC invocations=19 (full 0):
 garbage-first heap   total 109568K, used 33774K [0x0000000089400000, 0x0000000100000000)
  region size 1024K, 1 young (1024K), 1 survivors (1024K)
 Metaspace       used 66608K, committed 67328K, reserved 1114112K
  class space    used 9268K, committed 9600K, reserved 1048576K
}
Event: 7.409 GC heap before
{Heap before GC invocations=19 (full 0):
 garbage-first heap   total 109568K, used 84974K [0x0000000089400000, 0x0000000100000000)
  region size 1024K, 52 young (53248K), 1 survivors (1024K)
 Metaspace       used 71221K, committed 71936K, reserved 1114112K
  class space    used 10080K, committed 10432K, reserved 1048576K
}
Event: 7.412 GC heap after
{Heap after GC invocations=20 (full 0):
 garbage-first heap   total 109568K, used 36558K [0x0000000089400000, 0x0000000100000000)
  region size 1024K, 4 young (4096K), 4 survivors (4096K)
 Metaspace       used 71221K, committed 71936K, reserved 1114112K
  class space    used 10080K, committed 10432K, reserved 1048576K
}
Event: 7.892 GC heap before
{Heap before GC invocations=20 (full 0):
 garbage-first heap   total 109568K, used 86734K [0x0000000089400000, 0x0000000100000000)
  region size 1024K, 53 young (54272K), 4 survivors (4096K)
 Metaspace       used 74493K, committed 75264K, reserved 1114112K
  class space    used 10527K, committed 10880K, reserved 1048576K
}
Event: 7.898 GC heap after
{Heap after GC invocations=21 (full 0):
 garbage-first heap   total 109568K, used 39651K [0x0000000089400000, 0x0000000100000000)
  region size 1024K, 7 young (7168K), 7 survivors (7168K)
 Metaspace       used 74493K, committed 75264K, reserved 1114112K
  class space    used 10527K, committed 10880K, reserved 1048576K
}
Event: 8.572 GC heap before
{Heap before GC invocations=21 (full 0):
 garbage-first heap   total 109568K, used 87779K [0x0000000089400000, 0x0000000100000000)
  region size 1024K, 54 young (55296K), 7 survivors (7168K)
 Metaspace       used 78516K, committed 79360K, reserved 1179648K
  class space    used 11171K, committed 11584K, reserved 1048576K
}
Event: 8.580 GC heap after
{Heap after GC invocations=22 (full 0):
 garbage-first heap   total 109568K, used 43329K [0x0000000089400000, 0x0000000100000000)
  region size 1024K, 7 young (7168K), 7 survivors (7168K)
 Metaspace       used 78516K, committed 79360K, reserved 1179648K
  class space    used 11171K, committed 11584K, reserved 1048576K
}
Event: 14.337 GC heap before
{Heap before GC invocations=23 (full 0):
 garbage-first heap   total 115712K, used 113985K [0x0000000089400000, 0x0000000100000000)
  region size 1024K, 43 young (44032K), 7 survivors (7168K)
 Metaspace       used 84209K, committed 85184K, reserved 1179648K
  class space    used 12001K, committed 12480K, reserved 1048576K
}
Event: 14.351 GC heap after
{Heap after GC invocations=24 (full 0):
 garbage-first heap   total 125952K, used 60981K [0x0000000089400000, 0x0000000100000000)
  region size 1024K, 4 young (4096K), 4 survivors (4096K)
 Metaspace       used 84209K, committed 85184K, reserved 1179648K
  class space    used 12001K, committed 12480K, reserved 1048576K
}
Event: 14.378 GC heap before
{Heap before GC invocations=24 (full 0):
 garbage-first heap   total 125952K, used 85557K [0x0000000089400000, 0x0000000100000000)
  region size 1024K, 6 young (6144K), 4 survivors (4096K)
 Metaspace       used 84210K, committed 85184K, reserved 1179648K
  class space    used 12001K, committed 12480K, reserved 1048576K
}
Event: 14.383 GC heap after
{Heap after GC invocations=25 (full 0):
 garbage-first heap   total 125952K, used 62560K [0x0000000089400000, 0x0000000100000000)
  region size 1024K, 1 young (1024K), 1 survivors (1024K)
 Metaspace       used 84210K, committed 85184K, reserved 1179648K
  class space    used 12001K, committed 12480K, reserved 1048576K
}
Event: 57.101 GC heap before
{Heap before GC invocations=25 (full 0):
 garbage-first heap   total 125952K, used 103520K [0x0000000089400000, 0x0000000100000000)
  region size 1024K, 27 young (27648K), 1 survivors (1024K)
 Metaspace       used 85345K, committed 86336K, reserved 1179648K
  class space    used 12126K, committed 12608K, reserved 1048576K
}

Dll operation events (14 events):
Event: 0.016 Loaded shared library C:\Users\phaml\.jdks\openjdk-19.0.2\bin\java.dll
Event: 0.029 Loaded shared library C:\Users\phaml\.jdks\openjdk-19.0.2\bin\jsvml.dll
Event: 0.151 Loaded shared library C:\Users\phaml\.jdks\openjdk-19.0.2\bin\zip.dll
Event: 0.154 Loaded shared library C:\Users\phaml\.jdks\openjdk-19.0.2\bin\instrument.dll
Event: 0.162 Loaded shared library C:\Users\phaml\.jdks\openjdk-19.0.2\bin\net.dll
Event: 0.166 Loaded shared library C:\Users\phaml\.jdks\openjdk-19.0.2\bin\nio.dll
Event: 0.173 Loaded shared library C:\Users\phaml\.jdks\openjdk-19.0.2\bin\zip.dll
Event: 0.420 Loaded shared library C:\Program Files\JetBrains\IntelliJ IDEA 2023.2.4\bin\breakgen64.dll
Event: 0.432 Loaded shared library C:\Users\phaml\.jdks\openjdk-19.0.2\bin\jimage.dll
Event: 0.438 Loaded shared library C:\Users\phaml\.jdks\openjdk-19.0.2\bin\extnet.dll
Event: 0.462 Loaded shared library C:\Users\phaml\.jdks\openjdk-19.0.2\bin\management.dll
Event: 0.483 Loaded shared library C:\Users\phaml\.jdks\openjdk-19.0.2\bin\management_ext.dll
Event: 3.887 Loaded shared library C:\Users\phaml\.jdks\openjdk-19.0.2\bin\sunmscapi.dll
Event: 4.432 Loaded shared library C:\Users\phaml\.jdks\openjdk-19.0.2\bin\verify.dll

Deoptimization events (12 events):
Event: 0.632 Thread 0x0000012bb2bd2310 DEOPT PACKING pc=0x0000012bbaed9c55 sp=0x0000000e6e7fd220
Event: 0.632 Thread 0x0000012bb2bd2310 DEOPT UNPACKING pc=0x0000012bbab77543 sp=0x0000000e6e7fc6d0 mode 3
Event: 0.647 Thread 0x0000012bb2bd2310 DEOPT PACKING pc=0x0000012bbaef3350 sp=0x0000000e6e7fd1f0
Event: 0.647 Thread 0x0000012bb2bd2310 DEOPT UNPACKING pc=0x0000012bbab77543 sp=0x0000000e6e7fc6a8 mode 3
Event: 1.825 Thread 0x0000012bc9bde2e0 DEOPT PACKING pc=0x0000012bbb113239 sp=0x0000000e706fce30
Event: 1.825 Thread 0x0000012bc9bde2e0 DEOPT UNPACKING pc=0x0000012bbab77543 sp=0x0000000e706fc310 mode 3
Event: 3.852 Thread 0x0000012bc9bde2e0 DEOPT PACKING pc=0x0000012bbb4b9b9d sp=0x0000000e706fce60
Event: 3.852 Thread 0x0000012bc9bde2e0 DEOPT UNPACKING pc=0x0000012bbab77543 sp=0x0000000e706fc3c8 mode 3
Event: 6.627 Thread 0x0000012bc9bde2e0 DEOPT PACKING pc=0x0000012bbb13b6a4 sp=0x0000000e706fae30
Event: 6.627 Thread 0x0000012bc9bde2e0 DEOPT UNPACKING pc=0x0000012bbab77543 sp=0x0000000e706fa388 mode 0
Event: 7.621 Thread 0x0000012bc9bde2e0 DEOPT PACKING pc=0x0000012bbb14703a sp=0x0000000e706fb3b0
Event: 7.621 Thread 0x0000012bc9bde2e0 DEOPT UNPACKING pc=0x0000012bbab77543 sp=0x0000000e706fa8b8 mode 3

Classes loaded (20 events):
Event: 22.023 Loading class java/security/cert/PKIXCertPathValidatorResult
Event: 22.023 Loading class java/security/cert/CertPathValidatorResult
Event: 22.023 Loading class java/security/cert/CertPathValidatorResult done
Event: 22.023 Loading class java/security/cert/PKIXCertPathValidatorResult done
Event: 22.024 Loading class sun/security/validator/CADistrustPolicy
Event: 22.024 Loading class sun/security/validator/CADistrustPolicy done
Event: 22.024 Loading class sun/security/validator/CADistrustPolicy$1
Event: 22.024 Loading class sun/security/validator/CADistrustPolicy$1 done
Event: 22.025 Loading class sun/security/validator/CADistrustPolicy$2
Event: 22.025 Loading class sun/security/validator/CADistrustPolicy$2 done
Event: 22.026 Loading class sun/security/validator/SymantecTLSPolicy
Event: 22.026 Loading class sun/security/validator/SymantecTLSPolicy done
Event: 22.033 Loading class sun/security/util/HostnameChecker
Event: 22.034 Loading class sun/security/util/HostnameChecker done
Event: 25.346 Loading class sun/security/ssl/Alert
Event: 25.347 Loading class sun/security/ssl/Alert done
Event: 25.347 Loading class sun/security/ssl/Alert$AlertConsumer
Event: 25.347 Loading class sun/security/ssl/Alert$AlertConsumer done
Event: 25.347 Loading class sun/security/ssl/Alert$Level
Event: 25.347 Loading class sun/security/ssl/Alert$Level done

Classes unloaded (0 events):
No events

Classes redefined (0 events):
No events

Internal exceptions (20 events):
Event: 8.456 Thread 0x0000012bc9bde2e0 Exception <a 'java/lang/IncompatibleClassChangeError'{0x000000008d56cd48}: Found class java.lang.Object, but interface was expected> (0x000000008d56cd48) 
thrown [s\open\src\hotspot\share\interpreter\linkResolver.cpp, line 841]
Event: 8.458 Thread 0x0000012bc9bde2e0 Exception <a 'java/lang/NoSuchMethodError'{0x000000008d581698}: 'java.lang.Object java.lang.invoke.DirectMethodHandle$Holder.newInvokeSpecial(java.lang.Object, java.lang.Object, int, java.lang.Object, java.lang.Object)'> (0x000000008d581698) 
thrown [s\open\src\hotspot\share\interpreter\linkResolver.cpp, line 774]
Event: 8.458 Thread 0x0000012bc9bde2e0 Exception <a 'java/lang/NoSuchMethodError'{0x000000008d58c9f8}: 'java.lang.Object java.lang.invoke.DirectMethodHandle$Holder.invokeSpecial(java.lang.Object, java.lang.Object, int, java.lang.Object, int, java.lang.Object)'> (0x000000008d58c9f8) 
thrown [s\open\src\hotspot\share\interpreter\linkResolver.cpp, line 774]
Event: 8.459 Thread 0x0000012bc9bde2e0 Exception <a 'java/lang/NoSuchMethodError'{0x000000008d594a00}: 'java.lang.Object java.lang.invoke.DirectMethodHandle$Holder.newInvokeSpecial(java.lang.Object, java.lang.Object, int, java.lang.Object, int)'> (0x000000008d594a00) 
thrown [s\open\src\hotspot\share\interpreter\linkResolver.cpp, line 774]
Event: 8.459 Thread 0x0000012bc9bde2e0 Exception <a 'java/lang/NoSuchMethodError'{0x000000008d598b18}: 'java.lang.Object java.lang.invoke.DirectMethodHandle$Holder.invokeSpecial(java.lang.Object, java.lang.Object, java.lang.Object, int, java.lang.Object, int)'> (0x000000008d598b18) 
thrown [s\open\src\hotspot\share\interpreter\linkResolver.cpp, line 774]
Event: 8.556 Thread 0x0000012bc9bde830 Exception <a 'java/lang/NoSuchMethodError'{0x000000008d1cfa18}: 'java.lang.Object java.lang.invoke.DirectMethodHandle$Holder.invokeInterface(java.lang.Object, java.lang.Object, java.lang.Object, java.lang.Object, java.lang.Object, java.lang.Object, java.lang.Object)'> (0x000000008d1cfa18) 
thrown [s\open\src\hotspot\share\interpreter\linkResolver.cpp, line 774]
Event: 8.589 Thread 0x0000012bc99b62b0 Exception <a 'java/lang/NoSuchMethodError'{0x0000000090f16a60}: 'long java.lang.invoke.DirectMethodHandle$Holder.invokeStatic(java.lang.Object, java.lang.Object, java.lang.Object)'> (0x0000000090f16a60) 
thrown [s\open\src\hotspot\share\interpreter\linkResolver.cpp, line 774]
Event: 8.697 Thread 0x0000012bcc77e030 Exception <a 'java/lang/NoSuchMethodError'{0x000000008f9b76e0}: 'int java.lang.invoke.DirectMethodHandle$Holder.invokeInterface(java.lang.Object, java.lang.Object, int)'> (0x000000008f9b76e0) 
thrown [s\open\src\hotspot\share\interpreter\linkResolver.cpp, line 774]
Event: 8.707 Thread 0x0000012bcc77e030 Exception <a 'java/io/FileNotFoundException'{0x000000008f890c68}> (0x000000008f890c68) 
thrown [s\open\src\hotspot\share\prims\jni.cpp, line 517]
Event: 8.723 Thread 0x0000012bcc77e030 Exception <a 'java/io/FileNotFoundException'{0x000000008f7f0338}> (0x000000008f7f0338) 
thrown [s\open\src\hotspot\share\prims\jni.cpp, line 517]
Event: 13.699 Thread 0x0000012bcc6b75a0 Exception <a 'java/lang/NoSuchMethodError'{0x000000008f4de088}: 'java.lang.Object java.lang.invoke.DirectMethodHandle$Holder.invokeSpecial(java.lang.Object, java.lang.Object, java.lang.Object, java.lang.Object, java.lang.Object, long)'> (0x000000008f4de088) 
thrown [s\open\src\hotspot\share\interpreter\linkResolver.cpp, line 774]
Event: 13.700 Thread 0x0000012bcc6b75a0 Exception <a 'java/lang/NoSuchMethodError'{0x000000008f4e1ad8}: 'java.lang.Object java.lang.invoke.Invokers$Holder.linkToTargetMethod(java.lang.Object, java.lang.Object, java.lang.Object, long, java.lang.Object)'> (0x000000008f4e1ad8) 
thrown [s\open\src\hotspot\share\interpreter\linkResolver.cpp, line 774]
Event: 13.961 Thread 0x0000012bcc6b75a0 Exception <a 'java/lang/NoSuchMethodError'{0x000000008ed2b340}: 'java.lang.Object java.lang.invoke.DirectMethodHandle$Holder.invokeVirtual(java.lang.Object, java.lang.Object, int)'> (0x000000008ed2b340) 
thrown [s\open\src\hotspot\share\interpreter\linkResolver.cpp, line 774]
Event: 14.058 Thread 0x0000012bcc6b75a0 Exception <a 'java/lang/NoSuchMethodError'{0x000000008e70bbf0}: 'java.lang.Object java.lang.invoke.DirectMethodHandle$Holder.invokeInterface(java.lang.Object, java.lang.Object, int)'> (0x000000008e70bbf0) 
thrown [s\open\src\hotspot\share\interpreter\linkResolver.cpp, line 774]
Event: 14.109 Thread 0x0000012bcc6b5b10 Exception <a 'java/lang/NoSuchMethodError'{0x000000008e51e5a0}: 'java.lang.Object java.lang.invoke.DirectMethodHandle$Holder.newInvokeSpecial(java.lang.Object, java.lang.Object, java.lang.Object, long)'> (0x000000008e51e5a0) 
thrown [s\open\src\hotspot\share\interpreter\linkResolver.cpp, line 774]
Event: 14.109 Thread 0x0000012bcc6b5b10 Exception <a 'java/lang/NoSuchMethodError'{0x000000008e523100}: 'java.lang.Object java.lang.invoke.DirectMethodHandle$Holder.invokeSpecial(java.lang.Object, java.lang.Object, java.lang.Object, java.lang.Object, long)'> (0x000000008e523100) 
thrown [s\open\src\hotspot\share\interpreter\linkResolver.cpp, line 774]
Event: 14.109 Thread 0x0000012bcc6b5b10 Exception <a 'java/lang/NoSuchMethodError'{0x000000008e5275b0}: 'java.lang.Object java.lang.invoke.Invokers$Holder.linkToTargetMethod(java.lang.Object, java.lang.Object, long, java.lang.Object)'> (0x000000008e5275b0) 
thrown [s\open\src\hotspot\share\interpreter\linkResolver.cpp, line 774]
Event: 14.110 Thread 0x0000012bcc6b75a0 Exception <a 'java/lang/NoSuchMethodError'{0x000000008e6d4958}: 'void java.lang.invoke.DirectMethodHandle$Holder.invokeSpecialIFC(java.lang.Object, java.lang.Object, int, java.lang.Object, java.lang.Object, java.lang.Object, java.lang.Object)'> (0x000000008e6d4958) 
thrown [s\open\src\hotspot\share\interpreter\linkResolver.cpp, line 774]
Event: 14.110 Thread 0x0000012bcc6b7050 Exception <a 'java/lang/NoSuchMethodError'{0x000000008e50e718}: 'void java.lang.invoke.DirectMethodHandle$Holder.invokeSpecialIFC(java.lang.Object, java.lang.Object, int, java.lang.Object, java.lang.Object, java.lang.Object, java.lang.Object)'> (0x000000008e50e718) 
thrown [s\open\src\hotspot\share\interpreter\linkResolver.cpp, line 774]
Event: 25.349 Thread 0x0000012bcc77e030 Exception <a 'java/lang/NoSuchMethodError'{0x000000008f4c2d30}: 'java.lang.Object java.lang.invoke.DirectMethodHandle$Holder.invokeSpecial(java.lang.Object, java.lang.Object, long, java.lang.Object)'> (0x000000008f4c2d30) 
thrown [s\open\src\hotspot\share\interpreter\linkResolver.cpp, line 774]

VM Operations (20 events):
Event: 21.449 Executing VM operation: Cleanup done
Event: 21.589 Executing VM operation: HandshakeAllThreads
Event: 21.604 Executing VM operation: HandshakeAllThreads done
Event: 21.604 Executing VM operation: HandshakeAllThreads
Event: 21.604 Executing VM operation: HandshakeAllThreads done
Event: 22.610 Executing VM operation: Cleanup
Event: 22.611 Executing VM operation: Cleanup done
Event: 25.354 Executing VM operation: HandshakeAllThreads
Event: 25.355 Executing VM operation: HandshakeAllThreads done
Event: 25.355 Executing VM operation: Cleanup
Event: 25.355 Executing VM operation: Cleanup done
Event: 25.355 Executing VM operation: HandshakeAllThreads
Event: 25.355 Executing VM operation: HandshakeAllThreads done
Event: 26.370 Executing VM operation: Cleanup
Event: 26.370 Executing VM operation: Cleanup done
Event: 27.383 Executing VM operation: Cleanup
Event: 27.383 Executing VM operation: Cleanup done
Event: 44.537 Executing VM operation: Cleanup
Event: 44.537 Executing VM operation: Cleanup done
Event: 57.101 Executing VM operation: G1TryInitiateConcMark

Events (20 events):
Event: 25.359 Thread 0x0000012bc51e6b70 flushing nmethod 0x0000012bbb2e1f10
Event: 25.359 Thread 0x0000012bc51e6b70 flushing nmethod 0x0000012bbb30c490
Event: 25.359 Thread 0x0000012bc51e6b70 flushing nmethod 0x0000012bbb30d890
Event: 25.359 Thread 0x0000012bc51e6b70 flushing nmethod 0x0000012bbb313710
Event: 25.359 Thread 0x0000012bc51e6b70 flushing nmethod 0x0000012bbb328b90
Event: 25.360 Thread 0x0000012bc51e6b70 flushing nmethod 0x0000012bbb384390
Event: 25.360 Thread 0x0000012bc51e6b70 flushing nmethod 0x0000012bbb384710
Event: 25.360 Thread 0x0000012bc51e6b70 flushing nmethod 0x0000012bbb38ec90
Event: 25.360 Thread 0x0000012bc51e6b70 flushing nmethod 0x0000012bbb390b10
Event: 25.360 Thread 0x0000012bc51e6b70 flushing nmethod 0x0000012bbb391490
Event: 25.360 Thread 0x0000012bc51e6b70 flushing nmethod 0x0000012bbb392410
Event: 25.360 Thread 0x0000012bc51e6b70 flushing nmethod 0x0000012bbb395610
Event: 25.360 Thread 0x0000012bc51e6b70 flushing nmethod 0x0000012bbb463c10
Event: 25.360 Thread 0x0000012bc51e6b70 flushing nmethod 0x0000012bbb475010
Event: 25.361 Thread 0x0000012bc51e6b70 flushing nmethod 0x0000012bbb4b8210
Event: 25.361 Thread 0x0000012bc51e6b70 flushing nmethod 0x0000012bbb63ab90
Event: 25.362 Thread 0x0000012bc51e6b70 flushing nmethod 0x0000012bbb6f2c10
Event: 25.362 Thread 0x0000012bc51e6b70 flushing nmethod 0x0000012bbb779510
Event: 25.368 Thread 0x0000012bcc77dae0 Thread exited: 0x0000012bcc77dae0
Event: 57.025 Thread 0x0000012bcb05d040 Thread added: 0x0000012bcb05d040


Dynamic libraries:
0x00007ff6ec750000 - 0x00007ff6ec75e000 	C:\Users\phaml\.jdks\openjdk-19.0.2\bin\java.exe
0x00007ffeda650000 - 0x00007ffeda867000 	C:\Windows\SYSTEM32\ntdll.dll
0x00007ffed8e80000 - 0x00007ffed8f44000 	C:\Windows\System32\KERNEL32.DLL
0x00007ffed7ec0000 - 0x00007ffed8266000 	C:\Windows\System32\KERNELBASE.dll
0x00007ffed7d70000 - 0x00007ffed7e81000 	C:\Windows\System32\ucrtbase.dll
0x00007ffeb9210000 - 0x00007ffeb9227000 	C:\Users\phaml\.jdks\openjdk-19.0.2\bin\jli.dll
0x00007ffebfe80000 - 0x00007ffebfe9b000 	C:\Users\phaml\.jdks\openjdk-19.0.2\bin\VCRUNTIME140.dll
0x00007ffed91f0000 - 0x00007ffed939e000 	C:\Windows\System32\USER32.dll
0x00007ffec3250000 - 0x00007ffec34e3000 	C:\Windows\WinSxS\amd64_microsoft.windows.common-controls_6595b64144ccf1df_6.0.22621.2506_none_270c5ae97388e100\COMCTL32.dll
0x00007ffed7e90000 - 0x00007ffed7eb6000 	C:\Windows\System32\win32u.dll
0x00007ffed8f60000 - 0x00007ffed9007000 	C:\Windows\System32\msvcrt.dll
0x00007ffed9aa0000 - 0x00007ffed9ac9000 	C:\Windows\System32\GDI32.dll
0x00007ffed7c50000 - 0x00007ffed7d68000 	C:\Windows\System32\gdi32full.dll
0x00007ffed7bb0000 - 0x00007ffed7c4a000 	C:\Windows\System32\msvcp_win.dll
0x00007ffed8900000 - 0x00007ffed8931000 	C:\Windows\System32\IMM32.DLL
0x00007ffec8650000 - 0x00007ffec865c000 	C:\Users\phaml\.jdks\openjdk-19.0.2\bin\vcruntime140_1.dll
0x00007ffe9b800000 - 0x00007ffe9b88e000 	C:\Users\phaml\.jdks\openjdk-19.0.2\bin\msvcp140.dll
0x00007ffe74910000 - 0x00007ffe755d0000 	C:\Users\phaml\.jdks\openjdk-19.0.2\bin\server\jvm.dll
0x00007ffed9130000 - 0x00007ffed91e1000 	C:\Windows\System32\ADVAPI32.dll
0x00007ffed9ad0000 - 0x00007ffed9b75000 	C:\Windows\System32\sechost.dll
0x00007ffed8c70000 - 0x00007ffed8d87000 	C:\Windows\System32\RPCRT4.dll
0x00007ffed32b0000 - 0x00007ffed32b9000 	C:\Windows\SYSTEM32\WSOCK32.dll
0x00007ffed0950000 - 0x00007ffed095a000 	C:\Windows\SYSTEM32\VERSION.dll
0x00007ffecf040000 - 0x00007ffecf074000 	C:\Windows\SYSTEM32\WINMM.dll
0x00007ffed8df0000 - 0x00007ffed8e61000 	C:\Windows\System32\WS2_32.dll
0x00007ffed6a20000 - 0x00007ffed6a38000 	C:\Windows\SYSTEM32\kernel.appcore.dll
0x00007ffec84c0000 - 0x00007ffec84ca000 	C:\Users\phaml\.jdks\openjdk-19.0.2\bin\jimage.dll
0x00007ffecda90000 - 0x00007ffecdcc3000 	C:\Windows\SYSTEM32\DBGHELP.DLL
0x00007ffed8510000 - 0x00007ffed8899000 	C:\Windows\System32\combase.dll
0x00007ffed93a0000 - 0x00007ffed9477000 	C:\Windows\System32\OLEAUT32.dll
0x00007ffebe630000 - 0x00007ffebe662000 	C:\Windows\SYSTEM32\dbgcore.DLL
0x00007ffed79c0000 - 0x00007ffed7a3a000 	C:\Windows\System32\bcryptPrimitives.dll
0x00007ffecca00000 - 0x00007ffecca0e000 	C:\Users\phaml\.jdks\openjdk-19.0.2\bin\instrument.dll
0x00007ffeb3fd0000 - 0x00007ffeb3ff6000 	C:\Users\phaml\.jdks\openjdk-19.0.2\bin\java.dll
0x00007ffe93910000 - 0x00007ffe939e7000 	C:\Users\phaml\.jdks\openjdk-19.0.2\bin\jsvml.dll
0x00007ffed9d40000 - 0x00007ffeda59a000 	C:\Windows\System32\SHELL32.dll
0x00007ffed58a0000 - 0x00007ffed6196000 	C:\Windows\SYSTEM32\windows.storage.dll
0x00007ffed5760000 - 0x00007ffed589e000 	C:\Windows\SYSTEM32\wintypes.dll
0x00007ffed8ac0000 - 0x00007ffed8bb3000 	C:\Windows\System32\SHCORE.dll
0x00007ffed8d90000 - 0x00007ffed8dee000 	C:\Windows\System32\shlwapi.dll
0x00007ffed78f0000 - 0x00007ffed7916000 	C:\Windows\SYSTEM32\profapi.dll
0x00007ffeb7720000 - 0x00007ffeb7738000 	C:\Users\phaml\.jdks\openjdk-19.0.2\bin\zip.dll
0x00007ffeb8c40000 - 0x00007ffeb8c53000 	C:\Users\phaml\.jdks\openjdk-19.0.2\bin\net.dll
0x00007ffed0760000 - 0x00007ffed0897000 	C:\Windows\SYSTEM32\WINHTTP.dll
0x00007ffed6f10000 - 0x00007ffed6f79000 	C:\Windows\system32\mswsock.dll
0x00007ffeb7c50000 - 0x00007ffeb7c66000 	C:\Users\phaml\.jdks\openjdk-19.0.2\bin\nio.dll
0x00007ffec47a0000 - 0x00007ffec47ba000 	C:\Program Files\JetBrains\IntelliJ IDEA 2023.2.4\bin\breakgen64.dll
0x00007ffec8310000 - 0x00007ffec8318000 	C:\Users\phaml\.jdks\openjdk-19.0.2\bin\extnet.dll
0x00007ffed64e0000 - 0x00007ffed65d9000 	C:\Windows\SYSTEM32\DNSAPI.dll
0x00007ffed64b0000 - 0x00007ffed64dd000 	C:\Windows\SYSTEM32\IPHLPAPI.DLL
0x00007ffed8a60000 - 0x00007ffed8a69000 	C:\Windows\System32\NSI.dll
0x00007ffece9f0000 - 0x00007ffece9fa000 	C:\Windows\System32\rasadhlp.dll
0x00007ffece860000 - 0x00007ffece8e3000 	C:\Windows\System32\fwpuclnt.dll
0x00007ffec7ca0000 - 0x00007ffec7caa000 	C:\Users\phaml\.jdks\openjdk-19.0.2\bin\management.dll
0x00007ffec5cb0000 - 0x00007ffec5cbb000 	C:\Users\phaml\.jdks\openjdk-19.0.2\bin\management_ext.dll
0x00007ffed8e70000 - 0x00007ffed8e78000 	C:\Windows\System32\PSAPI.DLL
0x00007ffed7190000 - 0x00007ffed71ab000 	C:\Windows\SYSTEM32\CRYPTSP.dll
0x00007ffed69e0000 - 0x00007ffed6a15000 	C:\Windows\system32\rsaenh.dll
0x00007ffed7020000 - 0x00007ffed704c000 	C:\Windows\SYSTEM32\USERENV.dll
0x00007ffed7370000 - 0x00007ffed7398000 	C:\Windows\SYSTEM32\bcrypt.dll
0x00007ffed7180000 - 0x00007ffed718c000 	C:\Windows\SYSTEM32\CRYPTBASE.dll
0x00007ffed0980000 - 0x00007ffed0999000 	C:\Windows\SYSTEM32\dhcpcsvc6.DLL
0x00007ffed0960000 - 0x00007ffed097f000 	C:\Windows\SYSTEM32\dhcpcsvc.DLL
0x00007ffebd8c0000 - 0x00007ffebd8d7000 	C:\Windows\system32\napinsp.dll
0x00007ffebb820000 - 0x00007ffebb83b000 	C:\Windows\system32\pnrpnsp.dll
0x00007ffeb9ef0000 - 0x00007ffeb9f01000 	C:\Windows\System32\winrnr.dll
0x00007ffecefa0000 - 0x00007ffecefb5000 	C:\Windows\system32\wshbth.dll
0x00007ffeb9e40000 - 0x00007ffeb9e61000 	C:\Windows\system32\nlansp_c.dll
0x00007ffec5480000 - 0x00007ffec548e000 	C:\Users\phaml\.jdks\openjdk-19.0.2\bin\sunmscapi.dll
0x00007ffed7a40000 - 0x00007ffed7ba6000 	C:\Windows\System32\CRYPT32.dll
0x00007ffed7340000 - 0x00007ffed736d000 	C:\Windows\SYSTEM32\ncrypt.dll
0x00007ffed7300000 - 0x00007ffed7337000 	C:\Windows\SYSTEM32\NTASN1.dll
0x00007ffec7360000 - 0x00007ffec7370000 	C:\Users\phaml\.jdks\openjdk-19.0.2\bin\verify.dll
0x00007ffec9d90000 - 0x00007ffec9d98000 	C:\Windows\system32\wshunix.dll

dbghelp: loaded successfully - version: 4.0.5 - missing functions: none
symbol engine: initialized successfully - sym options: 0x614 - pdb path: .;C:\Users\phaml\.jdks\openjdk-19.0.2\bin;C:\Windows\SYSTEM32;C:\Windows\WinSxS\amd64_microsoft.windows.common-controls_6595b64144ccf1df_6.0.22621.2506_none_270c5ae97388e100;C:\Users\phaml\.jdks\openjdk-19.0.2\bin\server;C:\Program Files\JetBrains\IntelliJ IDEA 2023.2.4\bin

VM Arguments:
jvm_args: -XX:TieredStopAtLevel=1 -Dspring.output.ansi.enabled=always -Dcom.sun.management.jmxremote -Dspring.jmx.enabled=true -Dspring.liveBeansView.mbeanDomain -Dspring.application.admin.enabled=true -Dmanagement.endpoints.jmx.exposure.include=* -javaagent:C:\Program Files\JetBrains\IntelliJ IDEA 2023.2.4\lib\idea_rt.jar=53377:C:\Program Files\JetBrains\IntelliJ IDEA 2023.2.4\bin -Dfile.encoding=UTF-8 -Dsun.stdout.encoding=UTF-8 -Dsun.stderr.encoding=UTF-8 
java_command: com.hlteam.naturezen.NatureZenApplication
java_class_path (initial): D:\TLCN\NatureZen\Back-End\target\classes;C:\Users\phaml\.m2\repository\org\springframework\boot\spring-boot-starter-data-jpa\3.1.3\spring-boot-starter-data-jpa-3.1.3.jar;C:\Users\phaml\.m2\repository\org\springframework\boot\spring-boot-starter-aop\3.1.3\spring-boot-starter-aop-3.1.3.jar;C:\Users\phaml\.m2\repository\org\aspectj\aspectjweaver\1.9.20\aspectjweaver-1.9.20.jar;C:\Users\phaml\.m2\repository\org\springframework\boot\spring-boot-starter-jdbc\3.1.3\spring-boot-starter-jdbc-3.1.3.jar;C:\Users\phaml\.m2\repository\com\zaxxer\HikariCP\5.0.1\HikariCP-5.0.1.jar;C:\Users\phaml\.m2\repository\org\springframework\spring-jdbc\6.0.11\spring-jdbc-6.0.11.jar;C:\Users\phaml\.m2\repository\org\hibernate\orm\hibernate-core\6.2.7.Final\hibernate-core-6.2.7.Final.jar;C:\Users\phaml\.m2\repository\jakarta\persistence\jakarta.persistence-api\3.1.0\jakarta.persistence-api-3.1.0.jar;C:\Users\phaml\.m2\repository\jakarta\transaction\jakarta.transaction-api\2.0.1\jakarta.transaction-api-2.0.1.jar;C:\Users\phaml\.m2\repository\org\jboss\logging\jboss-logging\3.5.3.Final\jboss-logging-3.5.3.Final.jar;C:\Users\phaml\.m2\repository\org\hibernate\common\hibernate-commons-annotations\6.0.6.Final\hibernate-commons-annotations-6.0.6.Final.jar;C:\Users\phaml\.m2\repository\io\smallrye\jandex\3.0.5\jandex-3.0.5.jar;C:\Users\phaml\.m2\repository\com\fasterxml\classmate\1.5.1\classmate-1.5.1.jar;C:\Users\phaml\.m2\repository\net\bytebuddy\byte-buddy\1.14.6\byte-buddy-1.14.6.jar;C:\Users\phaml\.m2\repository\org\glassfish\jaxb\jaxb-runtime\4.0.3\jaxb-runtime-4.0.3.jar;C:\Users\phaml\.m2\repository\org\glassfish\jaxb\jaxb-core\4.0.3\jaxb-core-4.0.3.jar;C:\Users\phaml\.m2\repository\org\glassfish\jaxb\txw2\4.0.3\txw2-4.0.3.jar;C:\Users\phaml\.m2\repository\com\sun\istack\istack-commons-runtime\4.1.2\istack-commons-runtime-4.1.2.jar;C:\Users\phaml\.m2\repository\jakarta\inject\jakarta.inject-api\2.0.1\jakarta.inject-api-2.0.1.jar;C:\Users\phaml\.m2\repository\org\antlr\antlr4-runtime\4.10.1\antlr4-runtime-4.10.1.jar;C:\Users\phaml\.m2\repository\org\springframework\data\spring-data-jpa\3.1.3\spring-data-jpa-3.1.3.jar;C:\Users\phaml\.m2\repository\org\springframework\data\spring-data-commons\3.1.3\spring-data-commons-3.1.3.jar;C:\Users\phaml\.m2\repository\org\springframework\spring-orm\6.0.11\spring-orm-6.0.11.jar;C:\Users\phaml\.m2\repository\org\springframework\spring-context\6.0.11\spring-context-6.0.11.jar;C:\Users\phaml\.m2\repository\org\springframework\spring-tx\6.0.11\spring-tx-6.0.11.jar;C:\Users\phaml\.m2\repository\org\springframework\spring-beans\6.0.11\spring-beans-6.0.11.jar;C:\Users\phaml\.m2\repository\jakarta\annotation\jakarta.annotation-api\2.1.1\jakarta.annotation-api-2.1.1.jar;C:\Users\phaml\.m2\repository\org\slf4j\slf4j-api\2.0.7\slf4j-api-2.0.7.jar;C:\Users\phaml\.m2\repository\org\springframework\spring-aspects\6.0.11\spring-aspects-6.0.11.jar;C:\Users\phaml\.m2\repository\org\springframework\boot\spring-boot-starter-security\3.1.3\spring-boot-starter-security-3.1.3.jar;C:\Users\phaml\.m2\repository\org\springframework\boot\spring-boot-starter\3.1.3\spring-boot-starter-3.1.3.jar;C:\Users\phaml\.m2\repository\org\springframework\boot\spring-boot-starter-logging\3.1.3\spring-boot-starter-logging-3.1.3.jar;C:\Users\phaml\.m2\repository\ch\qos\logback\logback-classic\1.4.11\logback-classic-1.4.11.jar;C:\Users\phaml\.m2\repository\ch\qos\logback\logback-core\1.4.11\logback-core-1.4.11.jar;C:\Users\phaml\.m2\repository\org\apache\logging\log4j\log4j-to-slf4j\2.20.0\log4j-to-slf4j-2.20.0.jar;C:\Users\phaml\.m2\repository\org\apache\logging\log4j\log4j-api\2.20.0\log4j-api-2.20.0.jar;C:\Users\phaml\.m2\repository\org\slf4j\jul-to-slf4j\2.0.7\jul-to-slf4j-2.0.7.jar;C:\Users\phaml\.m2\repository\org\yaml\snakeyaml\1.33\snakeyaml-1.33.jar;C:\Users\phaml\.m2\repository\org\springframework\spring-aop\6.0.11\spring-aop-6.0.11.jar;C:\Users\phaml\.m2\repository\org\springframework\security\spring-security-config\6.1.3\spring-security-config-6.1.3.jar;C:\Users\phaml\.m2\repository\org\springframework\security\spring-security-web\6.1.3\spring-security-web-6.1.3.jar;C:\Users\phaml\.m2\repository\org\springframework\spring-expression\6.0.11\spring-expression-6.0.11.jar;C:\Users\phaml\.m2\repository\org\springframework\boot\spring-boot-starter-mail\3.1.3\spring-boot-starter-mail-3.1.3.jar;C:\Users\phaml\.m2\repository\org\springframework\spring-context-support\6.0.11\spring-context-support-6.0.11.jar;C:\Users\phaml\.m2\repository\org\eclipse\angus\jakarta.mail\1.1.0\jakarta.mail-1.1.0.jar;C:\Users\phaml\.m2\repository\jakarta\activation\jakarta.activation-api\2.1.2\jakarta.activation-api-2.1.2.jar;C:\Users\phaml\.m2\repository\org\eclipse\angus\angus-activation\2.0.1\angus-activation-2.0.1.jar;C:\Users\phaml\.m2\repository\org\springframework\boot\spring-boot-starter-validation\3.1.3\spring-boot-starter-validation-3.1.3.jar;C:\Users\phaml\.m2\repository\org\apache\tomcat\embed\tomcat-embed-el\10.1.12\tomcat-embed-el-10.1.12.jar;C:\Users\phaml\.m2\repository\org\hibernate\validator\hibernate-validator\8.0.1.Final\hibernate-validator-8.0.1.Final.jar;C:\Users\phaml\.m2\repository\jakarta\validation\jakarta.validation-api\3.0.2\jakarta.validation-api-3.0.2.jar;C:\Users\phaml\.m2\repository\org\springframework\boot\spring-boot-starter-web\3.1.3\spring-boot-starter-web-3.1.3.jar;C:\Users\phaml\.m2\repository\org\springframework\boot\spring-boot-starter-json\3.1.3\spring-boot-starter-json-3.1.3.jar;C:\Users\phaml\.m2\repository\com\fasterxml\jackson\datatype\jackson-datatype-jdk8\2.15.2\jackson-datatype-jdk8-2.15.2.jar;C:\Users\phaml\.m2\repository\com\fasterxml\jackson\datatype\jackson-datatype-jsr310\2.15.2\jackson-datatype-jsr310-2.15.2.jar;C:\Users\phaml\.m2\repository\com\fasterxml\jackson\module\jackson-module-parameter-names\2.15.2\jackson-module-parameter-names-2.15.2.jar;C:\Users\phaml\.m2\repository\org\springframework\boot\spring-boot-starter-tomcat\3.1.3\spring-boot-starter-tomcat-3.1.3.jar;C:\Users\phaml\.m2\repository\org\apache\tomcat\embed\tomcat-embed-core\10.1.12\tomcat-embed-core-10.1.12.jar;C:\Users\phaml\.m2\repository\org\apache\tomcat\embed\tomcat-embed-websocket\10.1.12\tomcat-embed-websocket-10.1.12.jar;C:\Users\phaml\.m2\repository\org\springframework\spring-web\6.0.11\spring-web-6.0.11.jar;C:\Users\phaml\.m2\repository\org\springframework\spring-webmvc\6.0.11\spring-webmvc-6.0.11.jar;C:\Users\phaml\.m2\repository\org\springframework\boot\spring-boot-devtools\3.1.3\spring-boot-devtools-3.1.3.jar;C:\Users\phaml\.m2\repository\org\springframework\boot\spring-boot\3.1.3\spring-boot-3.1.3.jar;C:\Users\phaml\.m2\repository\org\springframework\boot\spring-boot-autoconfigure\3.1.3\spring-boot-autoconfigure-3.1.3.jar;C:\Users\phaml\.m2\repository\com\mysql\mysql-connector-j\8.0.33\mysql-connector-j-8.0.33.jar;C:\Users\phaml\.m2\repository\org\projectlombok\lombok\1.18.28\lombok-1.18.28.jar;C:\Users\phaml\.m2\repository\io\jsonwebtoken\jjwt\0.9.1\jjwt-0.9.1.jar;C:\Users\phaml\.m2\repository\com\fasterxml\jackson\core\jackson-databind\2.15.2\jackson-databind-2.15.2.jar;C:\Users\phaml\.m2\repository\com\fasterxml\jackson\core\jackson-annotations\2.15.2\jackson-annotations-2.15.2.jar;C:\Users\phaml\.m2\repository\com\fasterxml\jackson\core\jackson-core\2.15.2\jackson-core-2.15.2.jar;C:\Users\phaml\.m2\repository\org\springdoc\springdoc-openapi-starter-webmvc-ui\2.2.0\springdoc-openapi-starter-webmvc-ui-2.2.0.jar;C:\Users\phaml\.m2\repository\org\springdoc\springdoc-openapi-starter-webmvc-api\2.2.0\springdoc-openapi-starter-webmvc-api-2.2.0.jar;C:\Users\phaml\.m2\repository\org\springdoc\springdoc-openapi-starter-common\2.2.0\springdoc-openapi-starter-common-2.2.0.jar;C:\Users\phaml\.m2\repository\io\swagger\core\v3\swagger-core-jakarta\2.2.15\swagger-core-jakarta-2.2.15.jar;C:\Users\phaml\.m2\repository\io\swagger\core\v3\swagger-annotations-jakarta\2.2.15\swagger-annotations-jakarta-2.2.15.jar;C:\Users\phaml\.m2\repository\io\swagger\core\v3\swagger-models-jakarta\2.2.15\swagger-models-jakarta-2.2.15.jar;C:\Users\phaml\.m2\repository\com\fasterxml\jackson\dataformat\jackson-dataformat-yaml\2.15.2\jackson-dataformat-yaml-2.15.2.jar;C:\Users\phaml\.m2\repository\org\webjars\swagger-ui\5.2.0\swagger-ui-5.2.0.jar;C:\Users\phaml\.m2\repository\jakarta\xml\bind\jakarta.xml.bind-api\4.0.0\jakarta.xml.bind-api-4.0.0.jar;C:\Users\phaml\.m2\repository\org\springframework\spring-core\6.0.11\spring-core-6.0.11.jar;C:\Users\phaml\.m2\repository\org\springframework\spring-jcl\6.0.11\spring-jcl-6.0.11.jar;C:\Users\phaml\.m2\repository\org\springframework\security\spring-security-core\6.1.3\spring-security-core-6.1.3.jar;C:\Users\phaml\.m2\repository\org\springframework\security\spring-security-crypto\6.1.3\spring-security-crypto-6.1.3.jar;C:\Users\phaml\.m2\repository\org\springframework\boot\spring-boot-starter-actuator\3.1.3\spring-boot-starter-actuator-3.1.3.jar;C:\Users\phaml\.m2\repository\org\springframework\boot\spring-boot-actuator-autoconfigure\3.1.3\spring-boot-actuator-autoconfigure-3.1.3.jar;C:\Users\phaml\.m2\repository\org\springframework\boot\spring-boot-actuator\3.1.3\spring-boot-actuator-3.1.3.jar;C:\Users\phaml\.m2\repository\io\micrometer\micrometer-observation\1.11.3\micrometer-observation-1.11.3.jar;C:\Users\phaml\.m2\repository\io\micrometer\micrometer-commons\1.11.3\micrometer-commons-1.11.3.jar;C:\Users\phaml\.m2\repository\io\micrometer\micrometer-core\1.11.3\micrometer-core-1.11.3.jar;C:\Users\phaml\.m2\repository\org\hdrhistogram\HdrHistogram\2.1.12\HdrHistogram-2.1.12.jar;C:\Users\phaml\.m2\repository\org\latencyutils\LatencyUtils\2.0.3\LatencyUtils-2.0.3.jar;C:\Users\phaml\.m2\repository\javax\xml\bind\jaxb-api\2.3.1\jaxb-api-2.3.1.jar;C:\Users\phaml\.m2\repository\javax\activation\javax.activation-api\1.2.0\javax.activation-api-1.2.0.jar;C:\Users\phaml\.m2\repository\com\sun\xml\bind\jaxb-core\2.3.0.1\jaxb-core-2.3.0.1.jar;C:\Users\phaml\.m2\repository\com\sun\xml\bind\jaxb-impl\2.3.2\jaxb-impl-2.3.2.jar;C:\Users\phaml\.m2\repository\javax\activation\activation\1.1.1\activation-1.1.1.jar;C:\Users\phaml\.m2\repository\com\cloudinary\cloudinary-http44\1.34.0\cloudinary-http44-1.34.0.jar;C:\Users\phaml\.m2\repository\com\cloudinary\cloudinary-core\1.34.0\cloudinary-core-1.34.0.jar;C:\Users\phaml\.m2\repository\org\apache\commons\commons-lang3\3.12.0\commons-lang3-3.12.0.jar;C:\Users\phaml\.m2\repository\org\apache\httpcomponents\httpclient\4.4\httpclient-4.4.jar;C:\Users\phaml\.m2\repository\org\apache\httpcomponents\httpcore\4.4.16\httpcore-4.4.16.jar;C:\Users\phaml\.m2\repository\commons-logging\commons-logging\1.2\commons-logging-1.2.jar;C:\Users\phaml\.m2\repository\commons-codec\commons-codec\1.15\commons-codec-1.15.jar;C:\Users\phaml\.m2\repository\org\apache\httpcomponents\httpmime\4.4\httpmime-4.4.jar
Launcher Type: SUN_STANDARD

[Global flags]
     intx CICompilerCount                          = 4                                         {product} {ergonomic}
     uint ConcGCThreads                            = 3                                         {product} {ergonomic}
     uint G1ConcRefinementThreads                  = 10                                        {product} {ergonomic}
   size_t G1HeapRegionSize                         = 1048576                                   {product} {ergonomic}
    uintx GCDrainStackTargetSize                   = 64                                        {product} {ergonomic}
   size_t InitialHeapSize                          = 125829120                                 {product} {ergonomic}
     bool ManagementServer                         = true                                      {product} {command line}
   size_t MarkStackSize                            = 4194304                                   {product} {ergonomic}
   size_t MaxHeapSize                              = 1992294400                                {product} {ergonomic}
   size_t MaxNewSize                               = 1195376640                                {product} {ergonomic}
   size_t MinHeapDeltaBytes                        = 1048576                                   {product} {ergonomic}
   size_t MinHeapSize                              = 8388608                                   {product} {ergonomic}
    uintx NonProfiledCodeHeapSize                  = 0                                      {pd product} {ergonomic}
     bool ProfileInterpreter                       = false                                  {pd product} {command line}
    uintx ProfiledCodeHeapSize                     = 0                                      {pd product} {ergonomic}
   size_t SoftMaxHeapSize                          = 1992294400                             {manageable} {ergonomic}
     intx TieredStopAtLevel                        = 1                                         {product} {command line}
     bool UseCompressedClassPointers               = true                           {product lp64_product} {ergonomic}
     bool UseCompressedOops                        = true                           {product lp64_product} {ergonomic}
     bool UseG1GC                                  = true                                      {product} {ergonomic}
     bool UseLargePagesIndividualAllocation        = false                                  {pd product} {ergonomic}

Logging:
Log output configuration:
 #0: stdout all=warning uptime,level,tags foldmultilines=false
 #1: stderr all=off uptime,level,tags foldmultilines=false

Environment Variables:
PATH=C:\Windows\system32;C:\Windows;C:\Windows\System32\Wbem;C:\Windows\System32\WindowsPowerShell\v1.0\;C:\Windows\System32\OpenSSH\;C:\Program Files (x86)\NVIDIA Corporation\PhysX\Common;C:\Program Files\NVIDIA Corporation\NVIDIA NvDLISR;C:\Windows\system32;C:\Windows;C:\Windows\System32\Wbem;C:\Windows\System32\WindowsPowerShell\v1.0\;C:\Windows\System32\OpenSSH\;C:\Program Files\Git\cmd;C:\Users\phaml\AppData\Roaming\nvm;C:\Program Files\nodejs;C:\Program Files\Docker\Docker\resources\bin;C:\Program Files\Cloudflare\Cloudflare WARP\;C:\Users\phaml\AppData\Local\Programs\Python\Python311\Scripts\;C:\Users\phaml\AppData\Local\Programs\Python\Python311\;C:\Users\phaml\AppData\Local\Microsoft\WindowsApps;C:\Users\phaml\AppData\Local\Programs\Microsoft VS Code\bin;C:\Program Files\JetBrains\IntelliJ IDEA 2023.2.4\bin;;C:\Users\phaml\AppData\Roaming\npm;C:\Users\phaml\AppData\Roaming\nvm;C:\Program Files\nodejs
USERNAME=phaml
OS=Windows_NT
PROCESSOR_IDENTIFIER=AMD64 Family 23 Model 96 Stepping 1, AuthenticAMD
TMP=C:\Users\phaml\AppData\Local\Temp
TEMP=C:\Users\phaml\AppData\Local\Temp



---------------  S Y S T E M  ---------------

OS:
 Windows 11 , 64 bit Build 22621 (10.0.22621.2506)
OS uptime: 7 days 0:10 hours
Hyper-V role detected

CPU: total 12 (initial active 12) (12 cores per cpu, 2 threads per core) family 23 model 96 stepping 1 microcode 0x0, cx8, cmov, fxsr, ht, mmx, 3dnowpref, sse, sse2, sse3, ssse3, sse4a, sse4.1, sse4.2, popcnt, lzcnt, tsc, tscinvbit, avx, avx2, aes, clmul, bmi1, bmi2, adx, sha, fma, vzeroupper, clflush, clflushopt, hv, rdtscp, rdpid

Memory: 4k page, system-wide physical 7599M (532M free)
TotalPageFile size 20767M (AvailPageFile size 27M)
current process WorkingSet (physical memory assigned to process): 307M, peak: 307M
current process commit charge ("private bytes"): 361M, peak: 544M

vm_info: OpenJDK 64-Bit Server VM (19.0.2+7-44) for windows-amd64 JRE (19.0.2+7-44), built on 2022-11-30T18:02:09Z by "mach5one" with MS VC++ 17.1 (VS2022)

END.
